{"cacheExpireTime":"2026-05-27T18:42:13.864Z","cryptoCount":1,"level":"info","message":"CoinGecko API fetched successfully","timestamp":"2026-05-27 13:41:13"}
{"cacheExpireTime":"2026-05-27T18:42:13.877Z","cryptoCount":1,"level":"info","message":"CoinGecko API fetched successfully","timestamp":"2026-05-27 13:41:13"}
{"cacheExpireTime":"2026-05-27T18:42:13.879Z","cryptoCount":1,"level":"info","message":"CoinGecko API fetched successfully","timestamp":"2026-05-27 13:41:13"}
{"error":"CoinGecko down","hasCachedData":true,"level":"error","message":"CoinGecko API fetch failed","timestamp":"2026-05-27 13:43:13"}
{"level":"info","message":"Returning stale cached data","timestamp":"2026-05-27 13:43:13"}
{"error":"Network error","hasCachedData":false,"level":"error","message":"CoinGecko API fetch failed","timestamp":"2026-05-27 13:41:13"}
{"cacheExpireTime":"2026-05-27T18:42:13.891Z","cryptoCount":1,"level":"info","message":"CoinGecko API fetched successfully","timestamp":"2026-05-27 13:41:13"}
{"cacheExpireTime":"2026-05-28T18:41:13.911Z","count":2,"level":"info","message":"API-Colombia cities loaded","timestamp":"2026-05-27 13:41:13"}
{"cacheExpireTime":"2026-05-28T18:41:13.922Z","count":1,"level":"info","message":"API-Colombia cities loaded","timestamp":"2026-05-27 13:41:13"}
{"cacheExpireTime":"2026-05-28T18:41:13.924Z","count":1,"level":"info","message":"API-Colombia cities loaded","timestamp":"2026-05-27 13:41:13"}
{"error":"Network down","hasCachedData":false,"level":"error","message":"Failed to fetch cities from API-Colombia","timestamp":"2026-05-27 13:41:13"}
{"cacheExpireTime":"2026-05-28T18:41:50.107Z","count":2,"level":"info","message":"API-Colombia cities loaded","timestamp":"2026-05-27 13:41:50"}
{"cacheExpireTime":"2026-05-28T18:41:50.122Z","count":1,"level":"info","message":"API-Colombia cities loaded","timestamp":"2026-05-27 13:41:50"}
{"cacheExpireTime":"2026-05-28T18:41:50.124Z","count":1,"level":"info","message":"API-Colombia cities loaded","timestamp":"2026-05-27 13:41:50"}
{"error":"Network down","hasCachedData":false,"level":"error","message":"Failed to fetch cities from API-Colombia","timestamp":"2026-05-27 13:41:50"}
{"cacheExpireTime":"2026-05-27T18:42:50.111Z","cryptoCount":1,"level":"info","message":"CoinGecko API fetched successfully","timestamp":"2026-05-27 13:41:50"}
{"cacheExpireTime":"2026-05-27T18:42:50.124Z","cryptoCount":1,"level":"info","message":"CoinGecko API fetched successfully","timestamp":"2026-05-27 13:41:50"}
{"cacheExpireTime":"2026-05-27T18:42:50.126Z","cryptoCount":1,"level":"info","message":"CoinGecko API fetched successfully","timestamp":"2026-05-27 13:41:50"}
{"error":"CoinGecko down","hasCachedData":true,"level":"error","message":"CoinGecko API fetch failed","timestamp":"2026-05-27 13:43:50"}
{"level":"info","message":"Returning stale cached data","timestamp":"2026-05-27 13:43:50"}
{"error":"Network error","hasCachedData":false,"level":"error","message":"CoinGecko API fetch failed","timestamp":"2026-05-27 13:41:50"}
{"cacheExpireTime":"2026-05-27T18:42:50.141Z","cryptoCount":1,"level":"info","message":"CoinGecko API fetched successfully","timestamp":"2026-05-27 13:41:50"}
{"level":"warn","message":"[400] Datos inválidos: email: El email debe ser válido; password: Required; firstName: Required; lastName: Required; city: Required; state: Required; country: Required","timestamp":"2026-05-27 13:41:51"}
{"level":"warn","message":"[401] Email o contraseña incorrectos. Por favor, intenta de nuevo.","timestamp":"2026-05-27 13:41:51"}
{"level":"warn","message":"[401] Missing or invalid authorization header","timestamp":"2026-05-27 13:41:51"}
{"level":"warn","message":"[400] No puedes cambiar tu contraseña porque iniciaste sesión con Google. Gestiona tu contraseña desde tu cuenta de Google.","timestamp":"2026-05-27 13:41:51"}
{"cacheExpireTime":"2026-05-27T18:45:50.092Z","cryptoCount":1,"level":"info","message":"CoinGecko API fetched successfully","timestamp":"2026-05-27 13:44:50"}
{"cacheExpireTime":"2026-05-28T18:44:50.102Z","count":2,"level":"info","message":"API-Colombia cities loaded","timestamp":"2026-05-27 13:44:50"}
{"cacheExpireTime":"2026-05-27T18:45:50.107Z","cryptoCount":1,"level":"info","message":"CoinGecko API fetched successfully","timestamp":"2026-05-27 13:44:50"}
{"cacheExpireTime":"2026-05-27T18:45:50.109Z","cryptoCount":1,"level":"info","message":"CoinGecko API fetched successfully","timestamp":"2026-05-27 13:44:50"}
{"error":"CoinGecko down","hasCachedData":true,"level":"error","message":"CoinGecko API fetch failed","timestamp":"2026-05-27 13:46:50"}
{"level":"info","message":"Returning stale cached data","timestamp":"2026-05-27 13:46:50"}
{"error":"Network error","hasCachedData":false,"level":"error","message":"CoinGecko API fetch failed","timestamp":"2026-05-27 13:44:50"}
{"cacheExpireTime":"2026-05-27T18:45:50.127Z","cryptoCount":1,"level":"info","message":"CoinGecko API fetched successfully","timestamp":"2026-05-27 13:44:50"}
{"cacheExpireTime":"2026-05-28T18:44:50.117Z","count":1,"level":"info","message":"API-Colombia cities loaded","timestamp":"2026-05-27 13:44:50"}
{"cacheExpireTime":"2026-05-28T18:44:50.119Z","count":1,"level":"info","message":"API-Colombia cities loaded","timestamp":"2026-05-27 13:44:50"}
{"error":"Network down","hasCachedData":false,"level":"error","message":"Failed to fetch cities from API-Colombia","timestamp":"2026-05-27 13:44:50"}
{"level":"warn","message":"[400] Datos inválidos: email: El email debe ser válido; password: Required; firstName: Required; lastName: Required; city: Required; state: Required; country: Required","timestamp":"2026-05-27 13:44:50"}
{"level":"warn","message":"[401] Email o contraseña incorrectos. Por favor, intenta de nuevo.","timestamp":"2026-05-27 13:44:50"}
{"level":"warn","message":"[401] Missing or invalid authorization header","timestamp":"2026-05-27 13:44:50"}
{"level":"warn","message":"[400] No puedes cambiar tu contraseña porque iniciaste sesión con Google. Gestiona tu contraseña desde tu cuenta de Google.","timestamp":"2026-05-27 13:44:50"}
